Heat Map Started 2026-02-05_08:15:02...
Global Sentiments Started 2026-02-05_08:15:02...
Option Jobs Ended 2026-02-05_08:15:02...
Today2026-02-05 08:15:02...
Start Date2026-02-05 09:15:00...
End Date2026-02-05 15:30:00...
Option Jobs Ended 2026-02-05_08:15:02...
Heat Map Ended 2026-02-05_08:15:02...
Global Sentiments Ended 2026-02-05_08:15:02...
Pre Market Data Started 2026-02-05_08:15:02...
Pre Market Data Ended 2026-02-05_08:15:02...
Global Sentiments Started 2026-02-05_08:20:02...
Heat Map Started 2026-02-05_08:20:02...
Heat Map Ended 2026-02-05_08:20:02...
Global Sentiments Ended 2026-02-05_08:20:02...
Pre Market Data Started 2026-02-05_08:20:02...
Pre Market Data Ended 2026-02-05_08:20:03...
Global Sentiments Started 2026-02-05_08:25:02...
Heat Map Started 2026-02-05_08:25:02...
Heat Map Ended 2026-02-05_08:25:02...
Global Sentiments Ended 2026-02-05_08:25:02...
Pre Market Data Started 2026-02-05_08:25:02...
Pre Market Data Ended 2026-02-05_08:25:03...
Global Sentiments Started 2026-02-05_08:30:02...
Heat Map Started 2026-02-05_08:30:02...
Heat Map Ended 2026-02-05_08:30:02...
Global Sentiments Ended 2026-02-05_08:30:02...
Pre Market Data Started 2026-02-05_08:30:02...
Pre Market Data Ended 2026-02-05_08:30:02...
Heat Map Started 2026-02-05_08:35:02...
Global Sentiments Started 2026-02-05_08:35:02...
Heat Map Ended 2026-02-05_08:35:02...
Global Sentiments Ended 2026-02-05_08:35:03...
Pre Market Data Started 2026-02-05_08:35:03...
Pre Market Data Ended 2026-02-05_08:35:03...
Global Sentiments Started 2026-02-05_08:40:02...
Heat Map Started 2026-02-05_08:40:02...
Heat Map Ended 2026-02-05_08:40:02...
Global Sentiments Ended 2026-02-05_08:40:02...
Pre Market Data Started 2026-02-05_08:40:02...
Pre Market Data Ended 2026-02-05_08:40:03...
Heat Map Started 2026-02-05_08:45:02...
Global Sentiments Started 2026-02-05_08:45:02...
Heat Map Ended 2026-02-05_08:45:02...
Global Sentiments Ended 2026-02-05_08:45:03...
Pre Market Data Started 2026-02-05_08:45:03...
Pre Market Data Ended 2026-02-05_08:45:03...
Global Sentiments Started 2026-02-05_08:50:02...
Heat Map Started 2026-02-05_08:50:02...
Heat Map Ended 2026-02-05_08:50:02...
Global Sentiments Ended 2026-02-05_08:50:02...
Pre Market Data Started 2026-02-05_08:50:02...
Pre Market Data Ended 2026-02-05_08:50:02...
Heat Map Started 2026-02-05_08:55:01...
Global Sentiments Started 2026-02-05_08:55:01...
Heat Map Ended 2026-02-05_08:55:01...
Global Sentiments Ended 2026-02-05_08:55:02...
Pre Market Data Started 2026-02-05_08:55:02...
Pre Market Data Ended 2026-02-05_08:55:02...
Global Sentiments Started 2026-02-05_09:00:02...
Job Futures Started 2026-02-05_09:00:02...
Job Futures Ended 2026-02-05_09:00:02...
Option Jobs Ended 2026-02-05_09:00:02...
Today2026-02-05 09:00:02...
Start Date2026-02-05 09:15:00...
End Date2026-02-05 15:30:00...
Option Jobs Ended 2026-02-05_09:00:02...
Heat Map Started 2026-02-05_09:00:02...
Global Sentiments Ended 2026-02-05_09:00:02...
Pre Market Data Started 2026-02-05_09:00:02...
Heat Map Ended 2026-02-05_09:00:03...
Pre Market Data Ended 2026-02-05_09:00:03...
Option Jobs Ended 2026-02-05_09:01:01...
Today2026-02-05 09:01:01...
Start Date2026-02-05 09:15:00...
End Date2026-02-05 15:30:00...
Option Jobs Ended 2026-02-05_09:01:01...
Job Futures Started 2026-02-05_09:01:01...
Job Futures Ended 2026-02-05_09:01:01...
Option Jobs Ended 2026-02-05_09:02:02...
Today2026-02-05 09:02:02...
Start Date2026-02-05 09:15:00...
End Date2026-02-05 15:30:00...
Option Jobs Ended 2026-02-05_09:02:02...
Job Futures Started 2026-02-05_09:02:02...
Job Futures Ended 2026-02-05_09:02:02...
Job Futures Started 2026-02-05_09:03:01...
Job Futures Ended 2026-02-05_09:03:01...
Option Jobs Ended 2026-02-05_09:03:01...
Today2026-02-05 09:03:01...
Start Date2026-02-05 09:15:00...
End Date2026-02-05 15:30:00...
Option Jobs Ended 2026-02-05_09:03:01...
Job Futures Started 2026-02-05_09:04:01...
Job Futures Ended 2026-02-05_09:04:01...
Option Jobs Ended 2026-02-05_09:04:01...
Today2026-02-05 09:04:01...
Start Date2026-02-05 09:15:00...
End Date2026-02-05 15:30:00...
Option Jobs Ended 2026-02-05_09:04:01...
Job Futures Started 2026-02-05_09:05:02...
Job Futures Ended 2026-02-05_09:05:02...
Heat Map Started 2026-02-05_09:05:02...
Global Sentiments Started 2026-02-05_09:05:02...
Option Jobs Ended 2026-02-05_09:05:02...
Today2026-02-05 09:05:02...
Start Date2026-02-05 09:15:00...
End Date2026-02-05 15:30:00...
Option Jobs Ended 2026-02-05_09:05:02...
Heat Map Ended 2026-02-05_09:05:02...
Global Sentiments Ended 2026-02-05_09:05:02...
Pre Market Data Started 2026-02-05_09:05:02...
Pre Market Data Ended 2026-02-05_09:05:03...
Option Jobs Ended 2026-02-05_09:06:01...
Today2026-02-05 09:06:01...
Start Date2026-02-05 09:15:00...
End Date2026-02-05 15:30:00...
Option Jobs Ended 2026-02-05_09:06:01...
Job Futures Started 2026-02-05_09:06:01...
Job Futures Ended 2026-02-05_09:06:01...
Job Futures Started 2026-02-05_09:07:01...
Job Futures Ended 2026-02-05_09:07:01...
Option Jobs Ended 2026-02-05_09:07:01...
Today2026-02-05 09:07:01...
Start Date2026-02-05 09:15:00...
End Date2026-02-05 15:30:00...
Option Jobs Ended 2026-02-05_09:07:01...
Option Jobs Ended 2026-02-05_09:08:02...
Today2026-02-05 09:08:02...
Start Date2026-02-05 09:15:00...
End Date2026-02-05 15:30:00...
Option Jobs Ended 2026-02-05_09:08:02...
Job Futures Started 2026-02-05_09:08:02...
Job Futures Ended 2026-02-05_09:08:02...
Option Jobs Ended 2026-02-05_09:09:01...
Today2026-02-05 09:09:01...
Start Date2026-02-05 09:15:00...
End Date2026-02-05 15:30:00...
Option Jobs Ended 2026-02-05_09:09:01...
Job Futures Started 2026-02-05_09:09:01...
Job Futures Ended 2026-02-05_09:09:01...
Option Jobs Ended 2026-02-05_09:10:02...
Today2026-02-05 09:10:02...
Start Date2026-02-05 09:15:00...
End Date2026-02-05 15:30:00...
Option Jobs Ended 2026-02-05_09:10:02...
Job Futures Started 2026-02-05_09:10:02...
Job Futures Ended 2026-02-05_09:10:02...
Global Sentiments Started 2026-02-05_09:10:02...
Heat Map Started 2026-02-05_09:10:02...
Heat Map Ended 2026-02-05_09:10:03...
Global Sentiments Ended 2026-02-05_09:10:03...
Pre Market Data Started 2026-02-05_09:10:03...
Pre Market Data Ended 2026-02-05_09:10:03...
Option Jobs Ended 2026-02-05_09:11:01...
Today2026-02-05 09:11:01...
Start Date2026-02-05 09:15:00...
End Date2026-02-05 15:30:00...
Option Jobs Ended 2026-02-05_09:11:01...
Job Futures Started 2026-02-05_09:11:01...
Job Futures Ended 2026-02-05_09:11:01...
Option Jobs Ended 2026-02-05_09:12:02...
Today2026-02-05 09:12:02...
Start Date2026-02-05 09:15:00...
End Date2026-02-05 15:30:00...
Option Jobs Ended 2026-02-05_09:12:02...
Job Futures Started 2026-02-05_09:12:02...
Job Futures Ended 2026-02-05_09:12:02...
Option Jobs Ended 2026-02-05_09:13:02...
Today2026-02-05 09:13:02...
Start Date2026-02-05 09:15:00...
End Date2026-02-05 15:30:00...
Option Jobs Ended 2026-02-05_09:13:02...
Job Futures Started 2026-02-05_09:13:02...
Job Futures Ended 2026-02-05_09:13:02...
Job Futures Started 2026-02-05_09:14:01...
Job Futures Ended 2026-02-05_09:14:01...
Option Jobs Ended 2026-02-05_09:14:01...
Today2026-02-05 09:14:01...
Start Date2026-02-05 09:15:00...
End Date2026-02-05 15:30:00...
Option Jobs Ended 2026-02-05_09:14:01...
Global Sentiments Started 2026-02-05_09:15:02...
Job Futures Started 2026-02-05_09:15:02...
Heat Map Started 2026-02-05_09:15:02...
Option Jobs Ended 2026-02-05_09:15:02...
Today2026-02-05 09:15:02...
Start Date2026-02-05 09:15:00...
End Date2026-02-05 15:30:00...
Heat Map Ended 2026-02-05_09:15:03...
Global Sentiments Ended 2026-02-05_09:15:03...
Pre Market Data Started 2026-02-05_09:15:03...
Pre Market Data Ended 2026-02-05_09:15:03...
Job Futures DB Inserted 2026-02-05_09:15:06...
Option Jobs DB Inserted 2026-02-05_09:15:08...
Job Futures Started 2026-02-05_09:16:02...
Option Jobs Ended 2026-02-05_09:16:02...
Today2026-02-05 09:16:02...
Start Date2026-02-05 09:15:00...
End Date2026-02-05 15:30:00...
Job Futures DB Inserted 2026-02-05_09:16:03...
Option Jobs DB Inserted 2026-02-05_09:16:07...
Option Jobs Ended 2026-02-05_09:17:01...
Today2026-02-05 09:17:01...
Start Date2026-02-05 09:15:00...
End Date2026-02-05 15:30:00...
Job Futures Started 2026-02-05_09:17:01...
Job Futures DB Inserted 2026-02-05_09:17:03...
Option Jobs DB Inserted 2026-02-05_09:17:07...
Job Futures Started 2026-02-05_09:18:02...
Option Jobs Ended 2026-02-05_09:18:02...
Today2026-02-05 09:18:02...
Start Date2026-02-05 09:15:00...
End Date2026-02-05 15:30:00...
Job Futures DB Inserted 2026-02-05_09:18:04...
Option Jobs DB Inserted 2026-02-05_09:18:07...
Job Futures Started 2026-02-05_09:19:02...
Option Jobs Ended 2026-02-05_09:19:02...
Today2026-02-05 09:19:02...
Start Date2026-02-05 09:15:00...
End Date2026-02-05 15:30:00...
Job Futures DB Inserted 2026-02-05_09:19:04...
Option Jobs DB Inserted 2026-02-05_09:19:07...
Option Jobs Ended 2026-02-05_09:20:02...
Today2026-02-05 09:20:02...
Start Date2026-02-05 09:15:00...
End Date2026-02-05 15:30:00...
Heat Map Started 2026-02-05_09:20:02...
Global Sentiments Started 2026-02-05_09:20:02...
Job Futures Started 2026-02-05_09:20:02...
Heat Map Ended 2026-02-05_09:20:02...
Global Sentiments Ended 2026-02-05_09:20:02...
Pre Market Data Started 2026-02-05_09:20:02...
Pre Market Data Ended 2026-02-05_09:20:03...
Job Futures DB Inserted 2026-02-05_09:20:05...
Option Jobs DB Inserted 2026-02-05_09:20:08...
Option Jobs Ended 2026-02-05_09:21:02...
Today2026-02-05 09:21:02...
Start Date2026-02-05 09:15:00...
End Date2026-02-05 15:30:00...
Job Futures Started 2026-02-05_09:21:02...
Job Futures DB Inserted 2026-02-05_09:21:05...
Option Jobs DB Inserted 2026-02-05_09:21:07...
Job Futures Started 2026-02-05_09:22:02...
Option Jobs Ended 2026-02-05_09:22:02...
Today2026-02-05 09:22:02...
Start Date2026-02-05 09:15:00...
End Date2026-02-05 15:30:00...
Job Futures DB Inserted 2026-02-05_09:22:04...
Option Jobs DB Inserted 2026-02-05_09:22:07...
Option Jobs Ended 2026-02-05_09:23:02...
Today2026-02-05 09:23:02...
Start Date2026-02-05 09:15:00...
End Date2026-02-05 15:30:00...
Job Futures Started 2026-02-05_09:23:02...
Job Futures DB Inserted 2026-02-05_09:23:03...
Option Jobs DB Inserted 2026-02-05_09:23:07...
Option Jobs Ended 2026-02-05_09:24:02...
Today2026-02-05 09:24:02...
Start Date2026-02-05 09:15:00...
End Date2026-02-05 15:30:00...
Job Futures Started 2026-02-05_09:24:02...
Job Futures DB Inserted 2026-02-05_09:24:03...
Option Jobs DB Inserted 2026-02-05_09:24:07...
Job Futures Started 2026-02-05_09:25:02...
Heat Map Started 2026-02-05_09:25:02...
Option Jobs Ended 2026-02-05_09:25:02...
Today2026-02-05 09:25:02...
Start Date2026-02-05 09:15:00...
End Date2026-02-05 15:30:00...
Global Sentiments Started 2026-02-05_09:25:02...
Heat Map Ended 2026-02-05_09:25:03...
Global Sentiments Ended 2026-02-05_09:25:03...
Pre Market Data Started 2026-02-05_09:25:03...
Pre Market Data Ended 2026-02-05_09:25:03...
Job Futures DB Inserted 2026-02-05_09:25:04...
Option Jobs DB Inserted 2026-02-05_09:25:07...
Option Jobs Ended 2026-02-05_09:26:01...
Today2026-02-05 09:26:01...
Start Date2026-02-05 09:15:00...
End Date2026-02-05 15:30:00...
Job Futures Started 2026-02-05_09:26:01...
Job Futures DB Inserted 2026-02-05_09:26:04...
Option Jobs DB Inserted 2026-02-05_09:26:07...
Job Futures Started 2026-02-05_09:27:02...
Option Jobs Ended 2026-02-05_09:27:02...
Today2026-02-05 09:27:02...
Start Date2026-02-05 09:15:00...
End Date2026-02-05 15:30:00...
Job Futures DB Inserted 2026-02-05_09:27:04...
Option Jobs DB Inserted 2026-02-05_09:27:08...
Option Jobs Ended 2026-02-05_09:28:01...
Today2026-02-05 09:28:01...
Start Date2026-02-05 09:15:00...
End Date2026-02-05 15:30:00...
Job Futures Started 2026-02-05_09:28:01...
Job Futures DB Inserted 2026-02-05_09:28:03...
Option Jobs DB Inserted 2026-02-05_09:28:07...
Option Jobs Ended 2026-02-05_09:29:01...
Today2026-02-05 09:29:01...
Start Date2026-02-05 09:15:00...
End Date2026-02-05 15:30:00...
Job Futures Started 2026-02-05_09:29:01...
Job Futures DB Inserted 2026-02-05_09:29:03...
Option Jobs DB Inserted 2026-02-05_09:29:06...
Heat Map Started 2026-02-05_09:30:02...
Global Sentiments Started 2026-02-05_09:30:02...
Option Jobs Ended 2026-02-05_09:30:02...
Today2026-02-05 09:30:02...
Start Date2026-02-05 09:15:00...
End Date2026-02-05 15:30:00...
Job Futures Started 2026-02-05_09:30:02...
Heat Map Ended 2026-02-05_09:30:02...
Global Sentiments Ended 2026-02-05_09:30:03...
Pre Market Data Started 2026-02-05_09:30:03...
Pre Market Data Ended 2026-02-05_09:30:03...
Job Futures DB Inserted 2026-02-05_09:30:04...
Option Jobs DB Inserted 2026-02-05_09:30:08...
Job Futures Started 2026-02-05_09:31:02...
Option Jobs Ended 2026-02-05_09:31:02...
Today2026-02-05 09:31:02...
Start Date2026-02-05 09:15:00...
End Date2026-02-05 15:30:00...
Job Futures DB Inserted 2026-02-05_09:31:03...
Option Jobs DB Inserted 2026-02-05_09:31:07...
Job Futures Started 2026-02-05_09:32:02...
Option Jobs Ended 2026-02-05_09:32:02...
Today2026-02-05 09:32:02...
Start Date2026-02-05 09:15:00...
End Date2026-02-05 15:30:00...
Job Futures DB Inserted 2026-02-05_09:32:04...
Option Jobs DB Inserted 2026-02-05_09:32:08...
Option Jobs Ended 2026-02-05_09:33:01...
Today2026-02-05 09:33:01...
Start Date2026-02-05 09:15:00...
End Date2026-02-05 15:30:00...
Job Futures Started 2026-02-05_09:33:01...
Job Futures DB Inserted 2026-02-05_09:33:04...
Option Jobs DB Inserted 2026-02-05_09:33:06...
Job Futures Started 2026-02-05_09:34:02...
Option Jobs Ended 2026-02-05_09:34:02...
Today2026-02-05 09:34:02...
Start Date2026-02-05 09:15:00...
End Date2026-02-05 15:30:00...
Job Futures DB Inserted 2026-02-05_09:34:04...
Option Jobs DB Inserted 2026-02-05_09:34:07...
Heat Map Started 2026-02-05_09:35:02...
Global Sentiments Started 2026-02-05_09:35:02...
Job Futures Started 2026-02-05_09:35:02...
Option Jobs Ended 2026-02-05_09:35:02...
Today2026-02-05 09:35:02...
Start Date2026-02-05 09:15:00...
End Date2026-02-05 15:30:00...
Global Sentiments Ended 2026-02-05_09:35:02...
Pre Market Data Started 2026-02-05_09:35:02...
Heat Map Ended 2026-02-05_09:35:02...
Pre Market Data Ended 2026-02-05_09:35:03...
Job Futures DB Inserted 2026-02-05_09:35:04...
Option Jobs DB Inserted 2026-02-05_09:35:08...
Job Futures Started 2026-02-05_09:36:01...
Option Jobs Ended 2026-02-05_09:36:01...
Today2026-02-05 09:36:01...
Start Date2026-02-05 09:15:00...
End Date2026-02-05 15:30:00...
Job Futures DB Inserted 2026-02-05_09:36:03...
Option Jobs DB Inserted 2026-02-05_09:36:07...
Job Futures Started 2026-02-05_09:37:01...
Option Jobs Ended 2026-02-05_09:37:01...
Today2026-02-05 09:37:01...
Start Date2026-02-05 09:15:00...
End Date2026-02-05 15:30:00...
Job Futures DB Inserted 2026-02-05_09:37:03...
Option Jobs DB Inserted 2026-02-05_09:37:07...
Job Futures Started 2026-02-05_09:38:01...
Option Jobs Ended 2026-02-05_09:38:01...
Today2026-02-05 09:38:01...
Start Date2026-02-05 09:15:00...
End Date2026-02-05 15:30:00...
Job Futures DB Inserted 2026-02-05_09:38:03...
Option Jobs DB Inserted 2026-02-05_09:38:07...
Job Futures Started 2026-02-05_09:39:01...
Option Jobs Ended 2026-02-05_09:39:01...
Today2026-02-05 09:39:01...
Start Date2026-02-05 09:15:00...
End Date2026-02-05 15:30:00...
Job Futures DB Inserted 2026-02-05_09:39:03...
Option Jobs DB Inserted 2026-02-05_09:39:06...
Heat Map Started 2026-02-05_09:40:02...
Option Jobs Ended 2026-02-05_09:40:02...
Today2026-02-05 09:40:02...
Start Date2026-02-05 09:15:00...
End Date2026-02-05 15:30:00...
Global Sentiments Started 2026-02-05_09:40:02...
Job Futures Started 2026-02-05_09:40:02...
Heat Map Ended 2026-02-05_09:40:02...
Global Sentiments Ended 2026-02-05_09:40:02...
Pre Market Data Started 2026-02-05_09:40:02...
Pre Market Data Ended 2026-02-05_09:40:03...
Job Futures DB Inserted 2026-02-05_09:40:04...
Option Jobs DB Inserted 2026-02-05_09:40:07...
Job Futures Started 2026-02-05_09:41:01...
Option Jobs Ended 2026-02-05_09:41:01...
Today2026-02-05 09:41:01...
Start Date2026-02-05 09:15:00...
End Date2026-02-05 15:30:00...
Job Futures DB Inserted 2026-02-05_09:41:03...
Option Jobs DB Inserted 2026-02-05_09:41:06...
Option Jobs Ended 2026-02-05_09:42:01...
Today2026-02-05 09:42:01...
Start Date2026-02-05 09:15:00...
End Date2026-02-05 15:30:00...
Job Futures Started 2026-02-05_09:42:01...
Job Futures DB Inserted 2026-02-05_09:42:03...
Option Jobs DB Inserted 2026-02-05_09:42:06...
Job Futures Started 2026-02-05_09:43:02...
Option Jobs Ended 2026-02-05_09:43:02...
Today2026-02-05 09:43:02...
Start Date2026-02-05 09:15:00...
End Date2026-02-05 15:30:00...
Job Futures DB Inserted 2026-02-05_09:43:03...
Option Jobs DB Inserted 2026-02-05_09:43:07...
Option Jobs Ended 2026-02-05_09:44:02...
Today2026-02-05 09:44:02...
Start Date2026-02-05 09:15:00...
End Date2026-02-05 15:30:00...
Job Futures Started 2026-02-05_09:44:02...
Job Futures DB Inserted 2026-02-05_09:44:05...
Option Jobs DB Inserted 2026-02-05_09:44:07...
Job Futures Started 2026-02-05_09:45:02...
Option Jobs Ended 2026-02-05_09:45:02...
Today2026-02-05 09:45:02...
Start Date2026-02-05 09:15:00...
End Date2026-02-05 15:30:00...
Heat Map Started 2026-02-05_09:45:02...
Global Sentiments Started 2026-02-05_09:45:02...
Heat Map Ended 2026-02-05_09:45:02...
Global Sentiments Ended 2026-02-05_09:45:02...
Pre Market Data Started 2026-02-05_09:45:02...
Pre Market Data Ended 2026-02-05_09:45:03...
Job Futures DB Inserted 2026-02-05_09:45:04...
Option Jobs DB Inserted 2026-02-05_09:45:08...
Option Jobs Ended 2026-02-05_09:46:01...
Today2026-02-05 09:46:01...
Start Date2026-02-05 09:15:00...
End Date2026-02-05 15:30:00...
Job Futures Started 2026-02-05_09:46:01...
Job Futures DB Inserted 2026-02-05_09:46:03...
Option Jobs DB Inserted 2026-02-05_09:46:07...
Job Futures Started 2026-02-05_09:47:01...
Option Jobs Ended 2026-02-05_09:47:01...
Today2026-02-05 09:47:01...
Start Date2026-02-05 09:15:00...
End Date2026-02-05 15:30:00...
Job Futures DB Inserted 2026-02-05_09:47:03...
Option Jobs DB Inserted 2026-02-05_09:47:06...
Job Futures Started 2026-02-05_09:48:01...
Option Jobs Ended 2026-02-05_09:48:01...
Today2026-02-05 09:48:01...
Start Date2026-02-05 09:15:00...
End Date2026-02-05 15:30:00...
Job Futures DB Inserted 2026-02-05_09:48:03...
Option Jobs DB Inserted 2026-02-05_09:48:07...
Job Futures Started 2026-02-05_09:49:01...
Option Jobs Ended 2026-02-05_09:49:01...
Today2026-02-05 09:49:01...
Start Date2026-02-05 09:15:00...
End Date2026-02-05 15:30:00...
Job Futures DB Inserted 2026-02-05_09:49:03...
Option Jobs DB Inserted 2026-02-05_09:49:06...
Job Futures Started 2026-02-05_09:50:02...
Global Sentiments Started 2026-02-05_09:50:02...
Option Jobs Ended 2026-02-05_09:50:02...
Today2026-02-05 09:50:02...
Start Date2026-02-05 09:15:00...
End Date2026-02-05 15:30:00...
Heat Map Started 2026-02-05_09:50:02...
Global Sentiments Ended 2026-02-05_09:50:02...
Pre Market Data Started 2026-02-05_09:50:02...
Heat Map Ended 2026-02-05_09:50:02...
Pre Market Data Ended 2026-02-05_09:50:02...
Job Futures DB Inserted 2026-02-05_09:50:04...
Option Jobs DB Inserted 2026-02-05_09:50:07...
Job Futures Started 2026-02-05_09:51:01...
Option Jobs Ended 2026-02-05_09:51:01...
Today2026-02-05 09:51:01...
Start Date2026-02-05 09:15:00...
End Date2026-02-05 15:30:00...
Job Futures DB Inserted 2026-02-05_09:51:03...
Option Jobs DB Inserted 2026-02-05_09:51:06...
Job Futures Started 2026-02-05_09:52:02...
Option Jobs Ended 2026-02-05_09:52:02...
Today2026-02-05 09:52:02...
Start Date2026-02-05 09:15:00...
End Date2026-02-05 15:30:00...
Job Futures DB Inserted 2026-02-05_09:52:05...
Option Jobs DB Inserted 2026-02-05_09:52:09...
Option Jobs Ended 2026-02-05_09:53:02...
Today2026-02-05 09:53:02...
Start Date2026-02-05 09:15:00...
End Date2026-02-05 15:30:00...
Job Futures Started 2026-02-05_09:53:02...
Job Futures DB Inserted 2026-02-05_09:53:04...
Option Jobs DB Inserted 2026-02-05_09:53:08...
Job Futures Started 2026-02-05_09:54:01...
Option Jobs Ended 2026-02-05_09:54:01...
Today2026-02-05 09:54:01...
Start Date2026-02-05 09:15:00...
End Date2026-02-05 15:30:00...
Job Futures DB Inserted 2026-02-05_09:54:03...
Option Jobs DB Inserted 2026-02-05_09:54:06...
Job Futures Started 2026-02-05_09:55:03...
Heat Map Started 2026-02-05_09:55:03...
Global Sentiments Started 2026-02-05_09:55:03...
Option Jobs Ended 2026-02-05_09:55:03...
Today2026-02-05 09:55:03...
Start Date2026-02-05 09:15:00...
End Date2026-02-05 15:30:00...
Heat Map Ended 2026-02-05_09:55:03...
Global Sentiments Ended 2026-02-05_09:55:03...
Pre Market Data Started 2026-02-05_09:55:03...
Pre Market Data Ended 2026-02-05_09:55:03...
Job Futures DB Inserted 2026-02-05_09:55:06...
Option Jobs DB Inserted 2026-02-05_09:55:08...
Job Futures Started 2026-02-05_09:56:02...
Option Jobs Ended 2026-02-05_09:56:02...
Today2026-02-05 09:56:02...
Start Date2026-02-05 09:15:00...
End Date2026-02-05 15:30:00...
Job Futures DB Inserted 2026-02-05_09:56:04...
Option Jobs DB Inserted 2026-02-05_09:56:07...
Option Jobs Ended 2026-02-05_09:57:01...
Today2026-02-05 09:57:01...
Start Date2026-02-05 09:15:00...
End Date2026-02-05 15:30:00...
Job Futures Started 2026-02-05_09:57:01...
Job Futures DB Inserted 2026-02-05_09:57:03...
Option Jobs DB Inserted 2026-02-05_09:57:07...
Job Futures Started 2026-02-05_09:58:02...
Option Jobs Ended 2026-02-05_09:58:02...
Today2026-02-05 09:58:02...
Start Date2026-02-05 09:15:00...
End Date2026-02-05 15:30:00...
Job Futures DB Inserted 2026-02-05_09:58:04...
Option Jobs DB Inserted 2026-02-05_09:58:07...
Job Futures Started 2026-02-05_09:59:02...
Option Jobs Ended 2026-02-05_09:59:02...
Today2026-02-05 09:59:02...
Start Date2026-02-05 09:15:00...
End Date2026-02-05 15:30:00...
Job Futures DB Inserted 2026-02-05_09:59:04...
Option Jobs DB Inserted 2026-02-05_09:59:07...
Heat Map Started 2026-02-05_10:00:02...
Option Jobs Ended 2026-02-05_10:00:02...
Today2026-02-05 10:00:02...
Start Date2026-02-05 09:15:00...
End Date2026-02-05 15:30:00...
Job Futures Started 2026-02-05_10:00:02...
Global Sentiments Started 2026-02-05_10:00:02...
Heat Map Ended 2026-02-05_10:00:02...
Global Sentiments Ended 2026-02-05_10:00:03...
Pre Market Data Started 2026-02-05_10:00:03...
Pre Market Data Ended 2026-02-05_10:00:03...
Job Futures DB Inserted 2026-02-05_10:00:04...
Option Jobs DB Inserted 2026-02-05_10:00:07...
Option Jobs Ended 2026-02-05_10:01:01...
Today2026-02-05 10:01:01...
Start Date2026-02-05 09:15:00...
End Date2026-02-05 15:30:00...
Job Futures Started 2026-02-05_10:01:01...
Job Futures DB Inserted 2026-02-05_10:01:04...
Option Jobs DB Inserted 2026-02-05_10:01:06...
Job Futures Started 2026-02-05_10:02:02...
Option Jobs Ended 2026-02-05_10:02:02...
Today2026-02-05 10:02:02...
Start Date2026-02-05 09:15:00...
End Date2026-02-05 15:30:00...
Job Futures DB Inserted 2026-02-05_10:02:04...
Option Jobs DB Inserted 2026-02-05_10:02:07...
Job Futures Started 2026-02-05_10:03:02...
Option Jobs Ended 2026-02-05_10:03:02...
Today2026-02-05 10:03:02...
Start Date2026-02-05 09:15:00...
End Date2026-02-05 15:30:00...
Job Futures DB Inserted 2026-02-05_10:03:03...
Option Jobs DB Inserted 2026-02-05_10:03:06...
Job Futures Started 2026-02-05_10:04:01...
Option Jobs Ended 2026-02-05_10:04:01...
Today2026-02-05 10:04:01...
Start Date2026-02-05 09:15:00...
End Date2026-02-05 15:30:00...
Job Futures DB Inserted 2026-02-05_10:04:03...
Option Jobs DB Inserted 2026-02-05_10:04:06...
Job Futures Started 2026-02-05_10:05:02...
Option Jobs Ended 2026-02-05_10:05:02...
Today2026-02-05 10:05:02...
Start Date2026-02-05 09:15:00...
End Date2026-02-05 15:30:00...
Global Sentiments Started 2026-02-05_10:05:02...
Heat Map Started 2026-02-05_10:05:02...
Heat Map Ended 2026-02-05_10:05:02...
Global Sentiments Ended 2026-02-05_10:05:02...
Pre Market Data Started 2026-02-05_10:05:02...
Pre Market Data Ended 2026-02-05_10:05:03...
Job Futures DB Inserted 2026-02-05_10:05:03...
Option Jobs DB Inserted 2026-02-05_10:05:08...
Option Jobs Ended 2026-02-05_10:06:01...
Today2026-02-05 10:06:01...
Start Date2026-02-05 09:15:00...
End Date2026-02-05 15:30:00...
Job Futures Started 2026-02-05_10:06:01...
Job Futures DB Inserted 2026-02-05_10:06:03...
Option Jobs DB Inserted 2026-02-05_10:06:07...
Option Jobs Ended 2026-02-05_10:07:01...
Today2026-02-05 10:07:01...
Start Date2026-02-05 09:15:00...
End Date2026-02-05 15:30:00...
Job Futures Started 2026-02-05_10:07:01...
Job Futures DB Inserted 2026-02-05_10:07:05...
Option Jobs DB Inserted 2026-02-05_10:07:06...
Option Jobs Ended 2026-02-05_10:08:02...
Today2026-02-05 10:08:02...
Start Date2026-02-05 09:15:00...
End Date2026-02-05 15:30:00...
Job Futures Started 2026-02-05_10:08:02...
Job Futures DB Inserted 2026-02-05_10:08:03...
Option Jobs DB Inserted 2026-02-05_10:08:07...
Option Jobs Ended 2026-02-05_10:09:02...
Today2026-02-05 10:09:02...
Start Date2026-02-05 09:15:00...
End Date2026-02-05 15:30:00...
Job Futures Started 2026-02-05_10:09:02...
Job Futures DB Inserted 2026-02-05_10:09:03...
Option Jobs DB Inserted 2026-02-05_10:09:07...
Global Sentiments Started 2026-02-05_10:10:02...
Job Futures Started 2026-02-05_10:10:02...
Heat Map Started 2026-02-05_10:10:02...
Option Jobs Ended 2026-02-05_10:10:02...
Today2026-02-05 10:10:02...
Start Date2026-02-05 09:15:00...
End Date2026-02-05 15:30:00...
Global Sentiments Ended 2026-02-05_10:10:02...
Pre Market Data Started 2026-02-05_10:10:02...
Heat Map Ended 2026-02-05_10:10:02...
Pre Market Data Ended 2026-02-05_10:10:02...
Job Futures DB Inserted 2026-02-05_10:10:03...
Option Jobs DB Inserted 2026-02-05_10:10:06...
Option Jobs Ended 2026-02-05_10:11:01...
Today2026-02-05 10:11:01...
Start Date2026-02-05 09:15:00...
End Date2026-02-05 15:30:00...
Job Futures Started 2026-02-05_10:11:01...
Job Futures DB Inserted 2026-02-05_10:11:02...
Option Jobs DB Inserted 2026-02-05_10:11:06...
Job Futures Started 2026-02-05_10:12:02...
Option Jobs Ended 2026-02-05_10:12:02...
Today2026-02-05 10:12:02...
Start Date2026-02-05 09:15:00...
End Date2026-02-05 15:30:00...
Job Futures DB Inserted 2026-02-05_10:12:03...
Option Jobs DB Inserted 2026-02-05_10:12:07...
Job Futures Started 2026-02-05_10:13:02...
Option Jobs Ended 2026-02-05_10:13:02...
Today2026-02-05 10:13:02...
Start Date2026-02-05 09:15:00...
End Date2026-02-05 15:30:00...
Job Futures DB Inserted 2026-02-05_10:13:05...
Option Jobs DB Inserted 2026-02-05_10:13:08...
Job Futures Started 2026-02-05_10:14:01...
Option Jobs Ended 2026-02-05_10:14:01...
Today2026-02-05 10:14:01...
Start Date2026-02-05 09:15:00...
End Date2026-02-05 15:30:00...
Job Futures DB Inserted 2026-02-05_10:14:03...
Option Jobs DB Inserted 2026-02-05_10:14:07...
Option Jobs Ended 2026-02-05_10:15:02...
Today2026-02-05 10:15:02...
Start Date2026-02-05 09:15:00...
End Date2026-02-05 15:30:00...
Global Sentiments Started 2026-02-05_10:15:02...
Heat Map Started 2026-02-05_10:15:02...
Job Futures Started 2026-02-05_10:15:02...
Global Sentiments Ended 2026-02-05_10:15:02...
Pre Market Data Started 2026-02-05_10:15:02...
Heat Map Ended 2026-02-05_10:15:02...
Pre Market Data Ended 2026-02-05_10:15:03...
Job Futures DB Inserted 2026-02-05_10:15:04...
Option Jobs DB Inserted 2026-02-05_10:15:08...
Option Jobs Ended 2026-02-05_10:16:01...
Today2026-02-05 10:16:01...
Start Date2026-02-05 09:15:00...
End Date2026-02-05 15:30:00...
Job Futures Started 2026-02-05_10:16:01...
Job Futures DB Inserted 2026-02-05_10:16:03...
Option Jobs DB Inserted 2026-02-05_10:16:06...
Option Jobs Ended 2026-02-05_10:17:02...
Today2026-02-05 10:17:02...
Start Date2026-02-05 09:15:00...
End Date2026-02-05 15:30:00...
Job Futures Started 2026-02-05_10:17:02...
Job Futures DB Inserted 2026-02-05_10:17:04...
Option Jobs DB Inserted 2026-02-05_10:17:08...
Job Futures Started 2026-02-05_10:18:01...
Option Jobs Ended 2026-02-05_10:18:01...
Today2026-02-05 10:18:01...
Start Date2026-02-05 09:15:00...
End Date2026-02-05 15:30:00...
Job Futures DB Inserted 2026-02-05_10:18:02...
Option Jobs DB Inserted 2026-02-05_10:18:06...
Option Jobs Ended 2026-02-05_10:19:01...
Today2026-02-05 10:19:01...
Start Date2026-02-05 09:15:00...
End Date2026-02-05 15:30:00...
Job Futures Started 2026-02-05_10:19:01...
Job Futures DB Inserted 2026-02-05_10:19:04...
Option Jobs DB Inserted 2026-02-05_10:19:07...
Heat Map Started 2026-02-05_10:20:02...
Option Jobs Ended 2026-02-05_10:20:02...
Today2026-02-05 10:20:02...
Start Date2026-02-05 09:15:00...
End Date2026-02-05 15:30:00...
Heat Map Ended 2026-02-05_10:20:02...
Job Futures Started 2026-02-05_10:20:02...
Global Sentiments Started 2026-02-05_10:20:02...
Global Sentiments Ended 2026-02-05_10:20:03...
Pre Market Data Started 2026-02-05_10:20:03...
Pre Market Data Ended 2026-02-05_10:20:03...
Job Futures DB Inserted 2026-02-05_10:20:04...
Option Jobs DB Inserted 2026-02-05_10:20:08...
Job Futures Started 2026-02-05_10:21:01...
Option Jobs Ended 2026-02-05_10:21:01...
Today2026-02-05 10:21:01...
Start Date2026-02-05 09:15:00...
End Date2026-02-05 15:30:00...
Job Futures DB Inserted 2026-02-05_10:21:02...
Option Jobs DB Inserted 2026-02-05_10:21:06...
Job Futures Started 2026-02-05_10:22:02...
Option Jobs Ended 2026-02-05_10:22:02...
Today2026-02-05 10:22:02...
Start Date2026-02-05 09:15:00...
End Date2026-02-05 15:30:00...
Job Futures DB Inserted 2026-02-05_10:22:04...
Option Jobs DB Inserted 2026-02-05_10:22:07...
Option Jobs Ended 2026-02-05_10:23:01...
Today2026-02-05 10:23:01...
Start Date2026-02-05 09:15:00...
End Date2026-02-05 15:30:00...
Job Futures Started 2026-02-05_10:23:01...
Job Futures DB Inserted 2026-02-05_10:23:03...
Option Jobs DB Inserted 2026-02-05_10:23:06...
Job Futures Started 2026-02-05_10:24:02...
Option Jobs Ended 2026-02-05_10:24:02...
Today2026-02-05 10:24:02...
Start Date2026-02-05 09:15:00...
End Date2026-02-05 15:30:00...
Job Futures DB Inserted 2026-02-05_10:24:03...
Option Jobs DB Inserted 2026-02-05_10:24:07...
Heat Map Started 2026-02-05_10:25:02...
Option Jobs Ended 2026-02-05_10:25:02...
Today2026-02-05 10:25:02...
Start Date2026-02-05 09:15:00...
End Date2026-02-05 15:30:00...
Job Futures Started 2026-02-05_10:25:02...
Global Sentiments Started 2026-02-05_10:25:02...
Heat Map Ended 2026-02-05_10:25:02...
Global Sentiments Ended 2026-02-05_10:25:03...
Pre Market Data Started 2026-02-05_10:25:03...
Pre Market Data Ended 2026-02-05_10:25:03...
Job Futures DB Inserted 2026-02-05_10:25:06...
Option Jobs DB Inserted 2026-02-05_10:25:08...
Option Jobs Ended 2026-02-05_10:26:02...
Today2026-02-05 10:26:02...
Start Date2026-02-05 09:15:00...
End Date2026-02-05 15:30:00...
Job Futures Started 2026-02-05_10:26:02...
Job Futures DB Inserted 2026-02-05_10:26:03...
Option Jobs DB Inserted 2026-02-05_10:26:07...
Option Jobs Ended 2026-02-05_10:27:02...
Today2026-02-05 10:27:02...
Start Date2026-02-05 09:15:00...
End Date2026-02-05 15:30:00...
Job Futures Started 2026-02-05_10:27:02...
Job Futures DB Inserted 2026-02-05_10:27:03...
Option Jobs DB Inserted 2026-02-05_10:27:07...
Job Futures Started 2026-02-05_10:28:01...
Option Jobs Ended 2026-02-05_10:28:01...
Today2026-02-05 10:28:01...
Start Date2026-02-05 09:15:00...
End Date2026-02-05 15:30:00...
Job Futures DB Inserted 2026-02-05_10:28:03...
Option Jobs DB Inserted 2026-02-05_10:28:06...
Option Jobs Ended 2026-02-05_10:29:01...
Today2026-02-05 10:29:01...
Start Date2026-02-05 09:15:00...
End Date2026-02-05 15:30:00...
Job Futures Started 2026-02-05_10:29:01...
Job Futures DB Inserted 2026-02-05_10:29:02...
Option Jobs DB Inserted 2026-02-05_10:29:06...
Job Futures Started 2026-02-05_10:30:02...
Heat Map Started 2026-02-05_10:30:02...
Global Sentiments Started 2026-02-05_10:30:02...
Option Jobs Ended 2026-02-05_10:30:02...
Today2026-02-05 10:30:02...
Start Date2026-02-05 09:15:00...
End Date2026-02-05 15:30:00...
Heat Map Ended 2026-02-05_10:30:02...
Global Sentiments Ended 2026-02-05_10:30:03...
Pre Market Data Started 2026-02-05_10:30:03...
Job Futures DB Inserted 2026-02-05_10:30:03...
Pre Market Data Ended 2026-02-05_10:30:03...
Option Jobs DB Inserted 2026-02-05_10:30:08...
Job Futures Started 2026-02-05_10:31:01...
Option Jobs Ended 2026-02-05_10:31:01...
Today2026-02-05 10:31:01...
Start Date2026-02-05 09:15:00...
End Date2026-02-05 15:30:00...
Job Futures DB Inserted 2026-02-05_10:31:05...
Option Jobs DB Inserted 2026-02-05_10:31:06...
Option Jobs Ended 2026-02-05_10:32:01...
Today2026-02-05 10:32:01...
Start Date2026-02-05 09:15:00...
End Date2026-02-05 15:30:00...
Job Futures Started 2026-02-05_10:32:01...
Job Futures DB Inserted 2026-02-05_10:32:03...
Option Jobs DB Inserted 2026-02-05_10:32:06...
Option Jobs Ended 2026-02-05_10:33:01...
Today2026-02-05 10:33:01...
Start Date2026-02-05 09:15:00...
End Date2026-02-05 15:30:00...
Job Futures Started 2026-02-05_10:33:01...
Job Futures DB Inserted 2026-02-05_10:33:03...
Option Jobs DB Inserted 2026-02-05_10:33:06...
Option Jobs Ended 2026-02-05_10:34:01...
Today2026-02-05 10:34:01...
Start Date2026-02-05 09:15:00...
End Date2026-02-05 15:30:00...
Job Futures Started 2026-02-05_10:34:01...
Job Futures DB Inserted 2026-02-05_10:34:02...
Option Jobs DB Inserted 2026-02-05_10:34:07...
Heat Map Started 2026-02-05_10:35:01...
Global Sentiments Started 2026-02-05_10:35:02...
Job Futures Started 2026-02-05_10:35:02...
Option Jobs Ended 2026-02-05_10:35:02...
Today2026-02-05 10:35:02...
Start Date2026-02-05 09:15:00...
End Date2026-02-05 15:30:00...
Heat Map Ended 2026-02-05_10:35:02...
Global Sentiments Ended 2026-02-05_10:35:02...
Pre Market Data Started 2026-02-05_10:35:02...
Pre Market Data Ended 2026-02-05_10:35:02...
Job Futures DB Inserted 2026-02-05_10:35:03...
Option Jobs DB Inserted 2026-02-05_10:35:08...
Option Jobs Ended 2026-02-05_10:36:02...
Today2026-02-05 10:36:02...
Start Date2026-02-05 09:15:00...
End Date2026-02-05 15:30:00...
Job Futures Started 2026-02-05_10:36:02...
Job Futures DB Inserted 2026-02-05_10:36:04...
Option Jobs DB Inserted 2026-02-05_10:36:07...
Job Futures Started 2026-02-05_10:37:02...
Option Jobs Ended 2026-02-05_10:37:02...
Today2026-02-05 10:37:02...
Start Date2026-02-05 09:15:00...
End Date2026-02-05 15:30:00...
Job Futures DB Inserted 2026-02-05_10:37:04...
Option Jobs DB Inserted 2026-02-05_10:37:07...
Job Futures Started 2026-02-05_10:38:01...
Option Jobs Ended 2026-02-05_10:38:01...
Today2026-02-05 10:38:01...
Start Date2026-02-05 09:15:00...
End Date2026-02-05 15:30:00...
Job Futures DB Inserted 2026-02-05_10:38:03...
Option Jobs DB Inserted 2026-02-05_10:38:07...
Job Futures Started 2026-02-05_10:39:01...
Option Jobs Ended 2026-02-05_10:39:01...
Today2026-02-05 10:39:01...
Start Date2026-02-05 09:15:00...
End Date2026-02-05 15:30:00...
Job Futures DB Inserted 2026-02-05_10:39:03...
Option Jobs DB Inserted 2026-02-05_10:39:07...
Option Jobs Ended 2026-02-05_10:40:02...
Today2026-02-05 10:40:02...
Start Date2026-02-05 09:15:00...
End Date2026-02-05 15:30:00...
Heat Map Started 2026-02-05_10:40:02...
Job Futures Started 2026-02-05_10:40:02...
Global Sentiments Started 2026-02-05_10:40:02...
Heat Map Ended 2026-02-05_10:40:03...
Global Sentiments Ended 2026-02-05_10:40:03...
Pre Market Data Started 2026-02-05_10:40:03...
Pre Market Data Ended 2026-02-05_10:40:03...
Job Futures DB Inserted 2026-02-05_10:40:04...
Option Jobs DB Inserted 2026-02-05_10:40:08...
Option Jobs Ended 2026-02-05_10:41:01...
Today2026-02-05 10:41:01...
Start Date2026-02-05 09:15:00...
End Date2026-02-05 15:30:00...
Job Futures Started 2026-02-05_10:41:02...
Job Futures DB Inserted 2026-02-05_10:41:03...
Option Jobs DB Inserted 2026-02-05_10:41:07...
Job Futures Started 2026-02-05_10:42:01...
Option Jobs Ended 2026-02-05_10:42:01...
Today2026-02-05 10:42:01...
Start Date2026-02-05 09:15:00...
End Date2026-02-05 15:30:00...
Job Futures DB Inserted 2026-02-05_10:42:02...
Option Jobs DB Inserted 2026-02-05_10:42:06...
Option Jobs Ended 2026-02-05_10:43:02...
Today2026-02-05 10:43:02...
Start Date2026-02-05 09:15:00...
End Date2026-02-05 15:30:00...
Job Futures Started 2026-02-05_10:43:02...
Job Futures DB Inserted 2026-02-05_10:43:05...
Option Jobs DB Inserted 2026-02-05_10:43:07...
Job Futures Started 2026-02-05_10:44:01...
Option Jobs Ended 2026-02-05_10:44:01...
Today2026-02-05 10:44:01...
Start Date2026-02-05 09:15:00...
End Date2026-02-05 15:30:00...
Job Futures DB Inserted 2026-02-05_10:44:02...
Option Jobs DB Inserted 2026-02-05_10:44:06...
Option Jobs Ended 2026-02-05_10:45:02...
Today2026-02-05 10:45:02...
Start Date2026-02-05 09:15:00...
End Date2026-02-05 15:30:00...
Global Sentiments Started 2026-02-05_10:45:02...
Heat Map Started 2026-02-05_10:45:02...
Job Futures Started 2026-02-05_10:45:02...
Heat Map Ended 2026-02-05_10:45:03...
Global Sentiments Ended 2026-02-05_10:45:03...
Pre Market Data Started 2026-02-05_10:45:03...
Pre Market Data Ended 2026-02-05_10:45:03...
Job Futures DB Inserted 2026-02-05_10:45:04...
Option Jobs DB Inserted 2026-02-05_10:45:08...
Option Jobs Ended 2026-02-05_10:46:01...
Today2026-02-05 10:46:01...
Start Date2026-02-05 09:15:00...
End Date2026-02-05 15:30:00...
Job Futures Started 2026-02-05_10:46:01...
Job Futures DB Inserted 2026-02-05_10:46:03...
Option Jobs DB Inserted 2026-02-05_10:46:07...
Job Futures Started 2026-02-05_10:47:01...
Option Jobs Ended 2026-02-05_10:47:01...
Today2026-02-05 10:47:01...
Start Date2026-02-05 09:15:00...
End Date2026-02-05 15:30:00...
Job Futures DB Inserted 2026-02-05_10:47:03...
Option Jobs DB Inserted 2026-02-05_10:47:06...
Option Jobs Ended 2026-02-05_10:48:02...
Today2026-02-05 10:48:02...
Start Date2026-02-05 09:15:00...
End Date2026-02-05 15:30:00...
Job Futures Started 2026-02-05_10:48:02...
Job Futures DB Inserted 2026-02-05_10:48:04...
Option Jobs DB Inserted 2026-02-05_10:48:07...
Option Jobs Ended 2026-02-05_10:49:01...
Today2026-02-05 10:49:01...
Start Date2026-02-05 09:15:00...
End Date2026-02-05 15:30:00...
Job Futures Started 2026-02-05_10:49:01...
Job Futures DB Inserted 2026-02-05_10:49:04...
Option Jobs DB Inserted 2026-02-05_10:49:06...
Job Futures Started 2026-02-05_10:50:02...
Global Sentiments Started 2026-02-05_10:50:02...
Option Jobs Ended 2026-02-05_10:50:02...
Today2026-02-05 10:50:02...
Start Date2026-02-05 09:15:00...
End Date2026-02-05 15:30:00...
Heat Map Started 2026-02-05_10:50:02...
Heat Map Ended 2026-02-05_10:50:03...
Global Sentiments Ended 2026-02-05_10:50:03...
Pre Market Data Started 2026-02-05_10:50:03...
Pre Market Data Ended 2026-02-05_10:50:03...
Job Futures DB Inserted 2026-02-05_10:50:04...
Option Jobs DB Inserted 2026-02-05_10:50:08...
Job Futures Started 2026-02-05_10:51:01...
Option Jobs Ended 2026-02-05_10:51:01...
Today2026-02-05 10:51:01...
Start Date2026-02-05 09:15:00...
End Date2026-02-05 15:30:00...
Job Futures DB Inserted 2026-02-05_10:51:02...
Option Jobs DB Inserted 2026-02-05_10:51:07...
Job Futures Started 2026-02-05_10:52:01...
Option Jobs Ended 2026-02-05_10:52:01...
Today2026-02-05 10:52:01...
Start Date2026-02-05 09:15:00...
End Date2026-02-05 15:30:00...
Job Futures DB Inserted 2026-02-05_10:52:02...
Option Jobs DB Inserted 2026-02-05_10:52:07...
Option Jobs Ended 2026-02-05_10:53:01...
Today2026-02-05 10:53:01...
Start Date2026-02-05 09:15:00...
End Date2026-02-05 15:30:00...
Job Futures Started 2026-02-05_10:53:01...
Job Futures DB Inserted 2026-02-05_10:53:02...
Option Jobs DB Inserted 2026-02-05_10:53:07...
Job Futures Started 2026-02-05_10:54:02...
Option Jobs Ended 2026-02-05_10:54:02...
Today2026-02-05 10:54:02...
Start Date2026-02-05 09:15:00...
End Date2026-02-05 15:30:00...
Job Futures DB Inserted 2026-02-05_10:54:05...
Option Jobs DB Inserted 2026-02-05_10:54:07...
Option Jobs Ended 2026-02-05_10:55:02...
Today2026-02-05 10:55:02...
Start Date2026-02-05 09:15:00...
End Date2026-02-05 15:30:00...
Global Sentiments Started 2026-02-05_10:55:02...
Heat Map Started 2026-02-05_10:55:02...
Job Futures Started 2026-02-05_10:55:02...
Heat Map Ended 2026-02-05_10:55:02...
Global Sentiments Ended 2026-02-05_10:55:03...
Pre Market Data Started 2026-02-05_10:55:03...
Pre Market Data Ended 2026-02-05_10:55:03...
Job Futures DB Inserted 2026-02-05_10:55:04...
Option Jobs DB Inserted 2026-02-05_10:55:08...
Option Jobs Ended 2026-02-05_10:56:01...
Today2026-02-05 10:56:01...
Start Date2026-02-05 09:15:00...
End Date2026-02-05 15:30:00...
Job Futures Started 2026-02-05_10:56:01...
Job Futures DB Inserted 2026-02-05_10:56:03...
Option Jobs DB Inserted 2026-02-05_10:56:07...
Job Futures Started 2026-02-05_10:57:01...
Option Jobs Ended 2026-02-05_10:57:01...
Today2026-02-05 10:57:01...
Start Date2026-02-05 09:15:00...
End Date2026-02-05 15:30:00...
Job Futures DB Inserted 2026-02-05_10:57:03...
Option Jobs DB Inserted 2026-02-05_10:57:07...
Job Futures Started 2026-02-05_10:58:01...
Option Jobs Ended 2026-02-05_10:58:01...
Today2026-02-05 10:58:01...
Start Date2026-02-05 09:15:00...
End Date2026-02-05 15:30:00...
Job Futures DB Inserted 2026-02-05_10:58:03...
Option Jobs DB Inserted 2026-02-05_10:58:07...
Job Futures Started 2026-02-05_10:59:01...
Option Jobs Ended 2026-02-05_10:59:01...
Today2026-02-05 10:59:01...
Start Date2026-02-05 09:15:00...
End Date2026-02-05 15:30:00...
Job Futures DB Inserted 2026-02-05_10:59:03...
Option Jobs DB Inserted 2026-02-05_10:59:06...
Global Sentiments Started 2026-02-05_11:00:02...
Option Jobs Ended 2026-02-05_11:00:02...
Today2026-02-05 11:00:02...
Start Date2026-02-05 09:15:00...
End Date2026-02-05 15:30:00...
Heat Map Started 2026-02-05_11:00:02...
Job Futures Started 2026-02-05_11:00:02...
Heat Map Ended 2026-02-05_11:00:02...
Global Sentiments Ended 2026-02-05_11:00:03...
Pre Market Data Started 2026-02-05_11:00:03...
Pre Market Data Ended 2026-02-05_11:00:03...
Job Futures DB Inserted 2026-02-05_11:00:04...
Option Jobs DB Inserted 2026-02-05_11:00:08...
Job Futures Started 2026-02-05_11:01:01...
Option Jobs Ended 2026-02-05_11:01:01...
Today2026-02-05 11:01:01...
Start Date2026-02-05 09:15:00...
End Date2026-02-05 15:30:00...
Job Futures DB Inserted 2026-02-05_11:01:03...
Option Jobs DB Inserted 2026-02-05_11:01:07...
Job Futures Started 2026-02-05_11:02:01...
Option Jobs Ended 2026-02-05_11:02:01...
Today2026-02-05 11:02:01...
Start Date2026-02-05 09:15:00...
End Date2026-02-05 15:30:00...
Job Futures DB Inserted 2026-02-05_11:02:04...
Option Jobs DB Inserted 2026-02-05_11:02:07...
Job Futures Started 2026-02-05_11:03:01...
Option Jobs Ended 2026-02-05_11:03:01...
Today2026-02-05 11:03:01...
Start Date2026-02-05 09:15:00...
End Date2026-02-05 15:30:00...
Job Futures DB Inserted 2026-02-05_11:03:03...
Option Jobs DB Inserted 2026-02-05_11:03:06...
Job Futures Started 2026-02-05_11:04:02...
Option Jobs Ended 2026-02-05_11:04:02...
Today2026-02-05 11:04:02...
Start Date2026-02-05 09:15:00...
End Date2026-02-05 15:30:00...
Job Futures DB Inserted 2026-02-05_11:04:04...
Option Jobs DB Inserted 2026-02-05_11:04:07...
Job Futures Started 2026-02-05_11:05:02...
Global Sentiments Started 2026-02-05_11:05:02...
Option Jobs Ended 2026-02-05_11:05:02...
Today2026-02-05 11:05:02...
Start Date2026-02-05 09:15:00...
End Date2026-02-05 15:30:00...
Heat Map Started 2026-02-05_11:05:02...
Heat Map Ended 2026-02-05_11:05:02...
Global Sentiments Ended 2026-02-05_11:05:03...
Pre Market Data Started 2026-02-05_11:05:03...
Pre Market Data Ended 2026-02-05_11:05:03...
Job Futures DB Inserted 2026-02-05_11:05:06...
Option Jobs DB Inserted 2026-02-05_11:05:07...
Option Jobs Ended 2026-02-05_11:06:01...
Today2026-02-05 11:06:01...
Start Date2026-02-05 09:15:00...
End Date2026-02-05 15:30:00...
Job Futures Started 2026-02-05_11:06:01...
Job Futures DB Inserted 2026-02-05_11:06:02...
Option Jobs DB Inserted 2026-02-05_11:06:06...
Option Jobs Ended 2026-02-05_11:07:02...
Today2026-02-05 11:07:02...
Start Date2026-02-05 09:15:00...
End Date2026-02-05 15:30:00...
Job Futures Started 2026-02-05_11:07:02...
Job Futures DB Inserted 2026-02-05_11:07:03...
Option Jobs DB Inserted 2026-02-05_11:07:07...
Option Jobs Ended 2026-02-05_11:08:01...
Today2026-02-05 11:08:01...
Start Date2026-02-05 09:15:00...
End Date2026-02-05 15:30:00...
Job Futures Started 2026-02-05_11:08:01...
Job Futures DB Inserted 2026-02-05_11:08:02...
Option Jobs DB Inserted 2026-02-05_11:08:06...
Option Jobs Ended 2026-02-05_11:09:02...
Today2026-02-05 11:09:02...
Start Date2026-02-05 09:15:00...
End Date2026-02-05 15:30:00...
Job Futures Started 2026-02-05_11:09:02...
Job Futures DB Inserted 2026-02-05_11:09:04...
Option Jobs DB Inserted 2026-02-05_11:09:07...
Heat Map Started 2026-02-05_11:10:02...
Option Jobs Ended 2026-02-05_11:10:02...
Today2026-02-05 11:10:02...
Start Date2026-02-05 09:15:00...
End Date2026-02-05 15:30:00...
Global Sentiments Started 2026-02-05_11:10:02...
Job Futures Started 2026-02-05_11:10:02...
Heat Map Ended 2026-02-05_11:10:03...
Global Sentiments Ended 2026-02-05_11:10:03...
Pre Market Data Started 2026-02-05_11:10:03...
Pre Market Data Ended 2026-02-05_11:10:03...
Job Futures DB Inserted 2026-02-05_11:10:04...
Option Jobs DB Inserted 2026-02-05_11:10:07...
Option Jobs Ended 2026-02-05_11:11:01...
Today2026-02-05 11:11:01...
Start Date2026-02-05 09:15:00...
End Date2026-02-05 15:30:00...
Job Futures Started 2026-02-05_11:11:01...
Job Futures DB Inserted 2026-02-05_11:11:04...
Option Jobs DB Inserted 2026-02-05_11:11:07...
Option Jobs Ended 2026-02-05_11:12:01...
Today2026-02-05 11:12:01...
Start Date2026-02-05 09:15:00...
Job Futures Started 2026-02-05_11:12:01...
End Date2026-02-05 15:30:00...
Job Futures DB Inserted 2026-02-05_11:12:02...
Option Jobs DB Inserted 2026-02-05_11:12:06...
Job Futures Started 2026-02-05_11:13:02...
Option Jobs Ended 2026-02-05_11:13:02...
Today2026-02-05 11:13:02...
Start Date2026-02-05 09:15:00...
End Date2026-02-05 15:30:00...
Job Futures DB Inserted 2026-02-05_11:13:04...
Option Jobs DB Inserted 2026-02-05_11:13:08...
Job Futures Started 2026-02-05_11:14:01...
Option Jobs Ended 2026-02-05_11:14:01...
Today2026-02-05 11:14:01...
Start Date2026-02-05 09:15:00...
End Date2026-02-05 15:30:00...
Job Futures DB Inserted 2026-02-05_11:14:03...
Option Jobs DB Inserted 2026-02-05_11:14:07...
Option Jobs Ended 2026-02-05_11:15:02...
Today2026-02-05 11:15:02...
Start Date2026-02-05 09:15:00...
End Date2026-02-05 15:30:00...
Global Sentiments Started 2026-02-05_11:15:02...
Heat Map Started 2026-02-05_11:15:02...
Job Futures Started 2026-02-05_11:15:02...
Heat Map Ended 2026-02-05_11:15:02...
Global Sentiments Ended 2026-02-05_11:15:02...
Pre Market Data Started 2026-02-05_11:15:02...
Pre Market Data Ended 2026-02-05_11:15:02...
Job Futures DB Inserted 2026-02-05_11:15:03...
Option Jobs DB Inserted 2026-02-05_11:15:06...
Job Futures Started 2026-02-05_11:16:01...
Option Jobs Ended 2026-02-05_11:16:01...
Today2026-02-05 11:16:01...
Start Date2026-02-05 09:15:00...
End Date2026-02-05 15:30:00...
Job Futures DB Inserted 2026-02-05_11:16:04...
Option Jobs DB Inserted 2026-02-05_11:16:07...
Option Jobs Ended 2026-02-05_11:17:02...
Today2026-02-05 11:17:02...
Start Date2026-02-05 09:15:00...
End Date2026-02-05 15:30:00...
Job Futures Started 2026-02-05_11:17:02...
Job Futures DB Inserted 2026-02-05_11:17:03...
Option Jobs DB Inserted 2026-02-05_11:17:07...
Job Futures Started 2026-02-05_11:18:01...
Option Jobs Ended 2026-02-05_11:18:01...
Today2026-02-05 11:18:01...
Start Date2026-02-05 09:15:00...
End Date2026-02-05 15:30:00...
Job Futures DB Inserted 2026-02-05_11:18:03...
Option Jobs DB Inserted 2026-02-05_11:18:06...
Option Jobs Ended 2026-02-05_11:19:01...
Job Futures Started 2026-02-05_11:19:01...
Today2026-02-05 11:19:01...
Start Date2026-02-05 09:15:00...
End Date2026-02-05 15:30:00...
Job Futures DB Inserted 2026-02-05_11:19:02...
Option Jobs DB Inserted 2026-02-05_11:19:06...
Heat Map Started 2026-02-05_11:20:01...
Option Jobs Ended 2026-02-05_11:20:01...
Today2026-02-05 11:20:01...
Start Date2026-02-05 09:15:00...
End Date2026-02-05 15:30:00...
Job Futures Started 2026-02-05_11:20:02...
Global Sentiments Started 2026-02-05_11:20:02...
Heat Map Ended 2026-02-05_11:20:02...
Global Sentiments Ended 2026-02-05_11:20:02...
Pre Market Data Started 2026-02-05_11:20:02...
Pre Market Data Ended 2026-02-05_11:20:02...
Job Futures DB Inserted 2026-02-05_11:20:03...
Option Jobs DB Inserted 2026-02-05_11:20:07...
Job Futures Started 2026-02-05_11:21:02...
Option Jobs Ended 2026-02-05_11:21:02...
Today2026-02-05 11:21:02...
Start Date2026-02-05 09:15:00...
End Date2026-02-05 15:30:00...
Job Futures DB Inserted 2026-02-05_11:21:03...
Option Jobs DB Inserted 2026-02-05_11:21:07...
Job Futures Started 2026-02-05_11:22:01...
Option Jobs Ended 2026-02-05_11:22:01...
Today2026-02-05 11:22:01...
Start Date2026-02-05 09:15:00...
End Date2026-02-05 15:30:00...
Job Futures DB Inserted 2026-02-05_11:22:04...
Option Jobs DB Inserted 2026-02-05_11:22:06...
Job Futures Started 2026-02-05_11:23:02...
Option Jobs Ended 2026-02-05_11:23:02...
Today2026-02-05 11:23:02...
Start Date2026-02-05 09:15:00...
End Date2026-02-05 15:30:00...
Job Futures DB Inserted 2026-02-05_11:23:03...
Option Jobs DB Inserted 2026-02-05_11:23:07...
Option Jobs Ended 2026-02-05_11:24:01...
Today2026-02-05 11:24:01...
Start Date2026-02-05 09:15:00...
End Date2026-02-05 15:30:00...
Job Futures Started 2026-02-05_11:24:01...
Job Futures DB Inserted 2026-02-05_11:24:03...
Option Jobs DB Inserted 2026-02-05_11:24:07...
Option Jobs Ended 2026-02-05_11:25:02...
Job Futures Started 2026-02-05_11:25:02...
Today2026-02-05 11:25:02...
Start Date2026-02-05 09:15:00...
End Date2026-02-05 15:30:00...
Heat Map Started 2026-02-05_11:25:02...
Global Sentiments Started 2026-02-05_11:25:02...
Heat Map Ended 2026-02-05_11:25:02...
Global Sentiments Ended 2026-02-05_11:25:02...
Pre Market Data Started 2026-02-05_11:25:02...
Pre Market Data Ended 2026-02-05_11:25:03...
Job Futures DB Inserted 2026-02-05_11:25:03...
Option Jobs DB Inserted 2026-02-05_11:25:08...
Job Futures Started 2026-02-05_11:26:01...
Option Jobs Ended 2026-02-05_11:26:02...
Today2026-02-05 11:26:02...
Start Date2026-02-05 09:15:00...
End Date2026-02-05 15:30:00...
Job Futures DB Inserted 2026-02-05_11:26:03...
Option Jobs DB Inserted 2026-02-05_11:26:07...
Job Futures Started 2026-02-05_11:27:02...
Option Jobs Ended 2026-02-05_11:27:02...
Today2026-02-05 11:27:02...
Start Date2026-02-05 09:15:00...
End Date2026-02-05 15:30:00...
Job Futures DB Inserted 2026-02-05_11:27:03...
Option Jobs DB Inserted 2026-02-05_11:27:07...
Job Futures Started 2026-02-05_11:28:01...
Option Jobs Ended 2026-02-05_11:28:01...
Today2026-02-05 11:28:01...
Start Date2026-02-05 09:15:00...
End Date2026-02-05 15:30:00...
Job Futures DB Inserted 2026-02-05_11:28:05...
Option Jobs DB Inserted 2026-02-05_11:28:06...
Job Futures Started 2026-02-05_11:29:02...
Option Jobs Ended 2026-02-05_11:29:02...
Today2026-02-05 11:29:02...
Start Date2026-02-05 09:15:00...
End Date2026-02-05 15:30:00...
Job Futures DB Inserted 2026-02-05_11:29:03...
Option Jobs DB Inserted 2026-02-05_11:29:07...
Heat Map Started 2026-02-05_11:30:02...
Option Jobs Ended 2026-02-05_11:30:02...
Today2026-02-05 11:30:02...
Start Date2026-02-05 09:15:00...
End Date2026-02-05 15:30:00...
Heat Map Ended 2026-02-05_11:30:02...
Global Sentiments Started 2026-02-05_11:30:02...
Job Futures Started 2026-02-05_11:30:02...
Global Sentiments Ended 2026-02-05_11:30:02...
Pre Market Data Started 2026-02-05_11:30:02...
Pre Market Data Ended 2026-02-05_11:30:03...
Job Futures DB Inserted 2026-02-05_11:30:04...
Option Jobs DB Inserted 2026-02-05_11:30:07...
Option Jobs Ended 2026-02-05_11:31:01...
Today2026-02-05 11:31:01...
Start Date2026-02-05 09:15:00...
End Date2026-02-05 15:30:00...
Job Futures Started 2026-02-05_11:31:01...
Job Futures DB Inserted 2026-02-05_11:31:03...
Option Jobs DB Inserted 2026-02-05_11:31:07...
Job Futures Started 2026-02-05_11:32:01...
Option Jobs Ended 2026-02-05_11:32:01...
Today2026-02-05 11:32:01...
Start Date2026-02-05 09:15:00...
End Date2026-02-05 15:30:00...
Job Futures DB Inserted 2026-02-05_11:32:03...
Option Jobs DB Inserted 2026-02-05_11:32:06...
Option Jobs Ended 2026-02-05_11:33:02...
Today2026-02-05 11:33:02...
Start Date2026-02-05 09:15:00...
End Date2026-02-05 15:30:00...
Job Futures Started 2026-02-05_11:33:02...
Job Futures DB Inserted 2026-02-05_11:33:03...
Option Jobs DB Inserted 2026-02-05_11:33:07...
Job Futures Started 2026-02-05_11:34:02...
Option Jobs Ended 2026-02-05_11:34:02...
Today2026-02-05 11:34:02...
Start Date2026-02-05 09:15:00...
End Date2026-02-05 15:30:00...
Job Futures DB Inserted 2026-02-05_11:34:05...
Option Jobs DB Inserted 2026-02-05_11:34:07...
Job Futures Started 2026-02-05_11:35:02...
Global Sentiments Started 2026-02-05_11:35:02...
Option Jobs Ended 2026-02-05_11:35:02...
Today2026-02-05 11:35:02...
Start Date2026-02-05 09:15:00...
End Date2026-02-05 15:30:00...
Heat Map Started 2026-02-05_11:35:02...
Heat Map Ended 2026-02-05_11:35:02...
Global Sentiments Ended 2026-02-05_11:35:02...
Pre Market Data Started 2026-02-05_11:35:02...
Pre Market Data Ended 2026-02-05_11:35:03...
Job Futures DB Inserted 2026-02-05_11:35:04...
Option Jobs DB Inserted 2026-02-05_11:35:08...
Option Jobs Ended 2026-02-05_11:36:01...
Today2026-02-05 11:36:01...
Start Date2026-02-05 09:15:00...
End Date2026-02-05 15:30:00...
Job Futures Started 2026-02-05_11:36:01...
Job Futures DB Inserted 2026-02-05_11:36:02...
Option Jobs DB Inserted 2026-02-05_11:36:06...
Job Futures Started 2026-02-05_11:37:02...
Option Jobs Ended 2026-02-05_11:37:02...
Today2026-02-05 11:37:02...
Start Date2026-02-05 09:15:00...
End Date2026-02-05 15:30:00...
Job Futures DB Inserted 2026-02-05_11:37:03...
Option Jobs DB Inserted 2026-02-05_11:37:07...
Job Futures Started 2026-02-05_11:38:01...
Option Jobs Ended 2026-02-05_11:38:01...
Today2026-02-05 11:38:01...
Start Date2026-02-05 09:15:00...
End Date2026-02-05 15:30:00...
Job Futures DB Inserted 2026-02-05_11:38:03...
Option Jobs DB Inserted 2026-02-05_11:38:07...
Option Jobs Ended 2026-02-05_11:39:01...
Today2026-02-05 11:39:01...
Start Date2026-02-05 09:15:00...
End Date2026-02-05 15:30:00...
Job Futures Started 2026-02-05_11:39:01...
Job Futures DB Inserted 2026-02-05_11:39:02...
Option Jobs DB Inserted 2026-02-05_11:39:06...
Global Sentiments Started 2026-02-05_11:40:02...
Heat Map Started 2026-02-05_11:40:02...
Job Futures Started 2026-02-05_11:40:02...
Option Jobs Ended 2026-02-05_11:40:02...
Today2026-02-05 11:40:02...
Start Date2026-02-05 09:15:00...
End Date2026-02-05 15:30:00...
Heat Map Ended 2026-02-05_11:40:02...
Global Sentiments Ended 2026-02-05_11:40:02...
Pre Market Data Started 2026-02-05_11:40:02...
Pre Market Data Ended 2026-02-05_11:40:02...
Job Futures DB Inserted 2026-02-05_11:40:05...
Option Jobs DB Inserted 2026-02-05_11:40:07...
Job Futures Started 2026-02-05_11:41:02...
Option Jobs Ended 2026-02-05_11:41:02...
Today2026-02-05 11:41:02...
Start Date2026-02-05 09:15:00...
End Date2026-02-05 15:30:00...
Job Futures DB Inserted 2026-02-05_11:41:04...
Option Jobs DB Inserted 2026-02-05_11:41:07...
Job Futures Started 2026-02-05_11:42:01...
Option Jobs Ended 2026-02-05_11:42:01...
Today2026-02-05 11:42:01...
Start Date2026-02-05 09:15:00...
End Date2026-02-05 15:30:00...
Job Futures DB Inserted 2026-02-05_11:42:03...
Option Jobs DB Inserted 2026-02-05_11:42:06...
Option Jobs Ended 2026-02-05_11:43:02...
Today2026-02-05 11:43:02...
Start Date2026-02-05 09:15:00...
End Date2026-02-05 15:30:00...
Job Futures Started 2026-02-05_11:43:02...
Job Futures DB Inserted 2026-02-05_11:43:03...
Option Jobs DB Inserted 2026-02-05_11:43:07...
Job Futures Started 2026-02-05_11:44:02...
Option Jobs Ended 2026-02-05_11:44:02...
Today2026-02-05 11:44:02...
Start Date2026-02-05 09:15:00...
End Date2026-02-05 15:30:00...
Job Futures DB Inserted 2026-02-05_11:44:03...
Option Jobs DB Inserted 2026-02-05_11:44:08...
Global Sentiments Started 2026-02-05_11:45:02...
Option Jobs Ended 2026-02-05_11:45:02...
Today2026-02-05 11:45:02...
Start Date2026-02-05 09:15:00...
End Date2026-02-05 15:30:00...
Heat Map Started 2026-02-05_11:45:02...
Job Futures Started 2026-02-05_11:45:02...
Global Sentiments Ended 2026-02-05_11:45:02...
Pre Market Data Started 2026-02-05_11:45:02...
Heat Map Ended 2026-02-05_11:45:02...
Pre Market Data Ended 2026-02-05_11:45:02...
Job Futures DB Inserted 2026-02-05_11:45:04...
Option Jobs DB Inserted 2026-02-05_11:45:07...
Option Jobs Ended 2026-02-05_11:46:02...
Today2026-02-05 11:46:02...
Start Date2026-02-05 09:15:00...
End Date2026-02-05 15:30:00...
Job Futures Started 2026-02-05_11:46:02...
Job Futures DB Inserted 2026-02-05_11:46:04...
Option Jobs DB Inserted 2026-02-05_11:46:07...
Option Jobs Ended 2026-02-05_11:47:02...
Today2026-02-05 11:47:02...
Start Date2026-02-05 09:15:00...
End Date2026-02-05 15:30:00...
Job Futures Started 2026-02-05_11:47:02...
Job Futures DB Inserted 2026-02-05_11:47:03...
Option Jobs DB Inserted 2026-02-05_11:47:07...
Job Futures Started 2026-02-05_11:48:02...
Option Jobs Ended 2026-02-05_11:48:02...
Today2026-02-05 11:48:02...
Start Date2026-02-05 09:15:00...
End Date2026-02-05 15:30:00...
Job Futures DB Inserted 2026-02-05_11:48:03...
Option Jobs DB Inserted 2026-02-05_11:48:07...
Job Futures Started 2026-02-05_11:49:01...
Option Jobs Ended 2026-02-05_11:49:01...
Today2026-02-05 11:49:01...
Start Date2026-02-05 09:15:00...
End Date2026-02-05 15:30:00...
Job Futures DB Inserted 2026-02-05_11:49:02...
Option Jobs DB Inserted 2026-02-05_11:49:07...
Option Jobs Ended 2026-02-05_11:50:02...
Today2026-02-05 11:50:02...
Start Date2026-02-05 09:15:00...
End Date2026-02-05 15:30:00...
Global Sentiments Started 2026-02-05_11:50:02...
Job Futures Started 2026-02-05_11:50:02...
Heat Map Started 2026-02-05_11:50:02...
Heat Map Ended 2026-02-05_11:50:02...
Global Sentiments Ended 2026-02-05_11:50:02...
Pre Market Data Started 2026-02-05_11:50:02...
Pre Market Data Ended 2026-02-05_11:50:03...
Job Futures DB Inserted 2026-02-05_11:50:03...
Option Jobs DB Inserted 2026-02-05_11:50:07...
Option Jobs Ended 2026-02-05_11:51:01...
Today2026-02-05 11:51:01...
Start Date2026-02-05 09:15:00...
End Date2026-02-05 15:30:00...
Job Futures Started 2026-02-05_11:51:01...
Job Futures DB Inserted 2026-02-05_11:51:04...
Option Jobs DB Inserted 2026-02-05_11:51:06...
Option Jobs Ended 2026-02-05_11:52:02...
Today2026-02-05 11:52:02...
Start Date2026-02-05 09:15:00...
End Date2026-02-05 15:30:00...
Job Futures Started 2026-02-05_11:52:02...
Job Futures DB Inserted 2026-02-05_11:52:04...
Option Jobs DB Inserted 2026-02-05_11:52:07...
Option Jobs Ended 2026-02-05_11:53:02...
Today2026-02-05 11:53:02...
Start Date2026-02-05 09:15:00...
End Date2026-02-05 15:30:00...
Job Futures Started 2026-02-05_11:53:02...
Job Futures DB Inserted 2026-02-05_11:53:03...
Option Jobs DB Inserted 2026-02-05_11:53:07...
Job Futures Started 2026-02-05_11:54:02...
Option Jobs Ended 2026-02-05_11:54:02...
Today2026-02-05 11:54:02...
Start Date2026-02-05 09:15:00...
End Date2026-02-05 15:30:00...
Job Futures DB Inserted 2026-02-05_11:54:02...
Option Jobs DB Inserted 2026-02-05_11:54:07...
Job Futures Started 2026-02-05_11:55:02...
Global Sentiments Started 2026-02-05_11:55:02...
Option Jobs Ended 2026-02-05_11:55:02...
Today2026-02-05 11:55:02...
Start Date2026-02-05 09:15:00...
End Date2026-02-05 15:30:00...
Heat Map Started 2026-02-05_11:55:02...
Heat Map Ended 2026-02-05_11:55:02...
Global Sentiments Ended 2026-02-05_11:55:02...
Pre Market Data Started 2026-02-05_11:55:02...
Pre Market Data Ended 2026-02-05_11:55:03...
Job Futures DB Inserted 2026-02-05_11:55:03...
Option Jobs DB Inserted 2026-02-05_11:55:07...
Option Jobs Ended 2026-02-05_11:56:01...
Today2026-02-05 11:56:01...
Start Date2026-02-05 09:15:00...
End Date2026-02-05 15:30:00...
Job Futures Started 2026-02-05_11:56:01...
Job Futures DB Inserted 2026-02-05_11:56:03...
Option Jobs DB Inserted 2026-02-05_11:56:07...
Job Futures Started 2026-02-05_11:57:02...
Option Jobs Ended 2026-02-05_11:57:02...
Today2026-02-05 11:57:02...
Start Date2026-02-05 09:15:00...
End Date2026-02-05 15:30:00...
Job Futures DB Inserted 2026-02-05_11:57:04...
Option Jobs DB Inserted 2026-02-05_11:57:07...
Option Jobs Ended 2026-02-05_11:58:01...
Today2026-02-05 11:58:01...
Start Date2026-02-05 09:15:00...
End Date2026-02-05 15:30:00...
Job Futures Started 2026-02-05_11:58:01...
Job Futures DB Inserted 2026-02-05_11:58:04...
Option Jobs DB Inserted 2026-02-05_11:58:06...
Option Jobs Ended 2026-02-05_11:59:02...
Today2026-02-05 11:59:02...
Start Date2026-02-05 09:15:00...
End Date2026-02-05 15:30:00...
Job Futures Started 2026-02-05_11:59:02...
Job Futures DB Inserted 2026-02-05_11:59:04...
Option Jobs DB Inserted 2026-02-05_11:59:07...
Job Futures Started 2026-02-05_12:00:02...
Global Sentiments Started 2026-02-05_12:00:02...
Option Jobs Ended 2026-02-05_12:00:02...
Today2026-02-05 12:00:02...
Start Date2026-02-05 09:15:00...
End Date2026-02-05 15:30:00...
Heat Map Started 2026-02-05_12:00:02...
Heat Map Ended 2026-02-05_12:00:02...
Global Sentiments Ended 2026-02-05_12:00:02...
Pre Market Data Started 2026-02-05_12:00:02...
Pre Market Data Ended 2026-02-05_12:00:02...
Job Futures DB Inserted 2026-02-05_12:00:02...
Option Jobs DB Inserted 2026-02-05_12:00:07...
Job Futures Started 2026-02-05_12:01:02...
Option Jobs Ended 2026-02-05_12:01:02...
Today2026-02-05 12:01:02...
Start Date2026-02-05 09:15:00...
End Date2026-02-05 15:30:00...
Job Futures DB Inserted 2026-02-05_12:01:04...
Option Jobs DB Inserted 2026-02-05_12:01:07...
Job Futures Started 2026-02-05_12:02:02...
Option Jobs Ended 2026-02-05_12:02:02...
Today2026-02-05 12:02:02...
Start Date2026-02-05 09:15:00...
End Date2026-02-05 15:30:00...
Job Futures DB Inserted 2026-02-05_12:02:03...
Option Jobs DB Inserted 2026-02-05_12:02:06...
Job Futures Started 2026-02-05_12:03:02...
Option Jobs Ended 2026-02-05_12:03:02...
Today2026-02-05 12:03:02...
Start Date2026-02-05 09:15:00...
End Date2026-02-05 15:30:00...
Job Futures DB Inserted 2026-02-05_12:03:05...
Option Jobs DB Inserted 2026-02-05_12:03:07...
Option Jobs Ended 2026-02-05_12:04:02...
Today2026-02-05 12:04:02...
Start Date2026-02-05 09:15:00...
End Date2026-02-05 15:30:00...
Job Futures Started 2026-02-05_12:04:02...
Job Futures DB Inserted 2026-02-05_12:04:04...
Option Jobs DB Inserted 2026-02-05_12:04:07...
Heat Map Started 2026-02-05_12:05:02...
Global Sentiments Started 2026-02-05_12:05:02...
Job Futures Started 2026-02-05_12:05:02...
Option Jobs Ended 2026-02-05_12:05:02...
Today2026-02-05 12:05:02...
Start Date2026-02-05 09:15:00...
End Date2026-02-05 15:30:00...
Heat Map Ended 2026-02-05_12:05:02...
Global Sentiments Ended 2026-02-05_12:05:03...
Pre Market Data Started 2026-02-05_12:05:03...
Pre Market Data Ended 2026-02-05_12:05:03...
Job Futures DB Inserted 2026-02-05_12:05:04...
Option Jobs DB Inserted 2026-02-05_12:05:07...
Job Futures Started 2026-02-05_12:06:01...
Option Jobs Ended 2026-02-05_12:06:01...
Today2026-02-05 12:06:01...
Start Date2026-02-05 09:15:00...
End Date2026-02-05 15:30:00...
Job Futures DB Inserted 2026-02-05_12:06:03...
Option Jobs DB Inserted 2026-02-05_12:06:06...
Job Futures Started 2026-02-05_12:07:02...
Option Jobs Ended 2026-02-05_12:07:02...
Today2026-02-05 12:07:02...
Start Date2026-02-05 09:15:00...
End Date2026-02-05 15:30:00...
Job Futures DB Inserted 2026-02-05_12:07:03...
Option Jobs DB Inserted 2026-02-05_12:07:07...
Job Futures Started 2026-02-05_12:08:02...
Option Jobs Ended 2026-02-05_12:08:02...
Today2026-02-05 12:08:02...
Start Date2026-02-05 09:15:00...
End Date2026-02-05 15:30:00...
Job Futures DB Inserted 2026-02-05_12:08:03...
Option Jobs DB Inserted 2026-02-05_12:08:07...
Option Jobs Ended 2026-02-05_12:09:02...
Today2026-02-05 12:09:02...
Start Date2026-02-05 09:15:00...
End Date2026-02-05 15:30:00...
Job Futures Started 2026-02-05_12:09:02...
Job Futures DB Inserted 2026-02-05_12:09:06...
Option Jobs DB Inserted 2026-02-05_12:09:06...
Heat Map Started 2026-02-05_12:10:02...
Option Jobs Ended 2026-02-05_12:10:02...
Today2026-02-05 12:10:02...
Start Date2026-02-05 09:15:00...
End Date2026-02-05 15:30:00...
Global Sentiments Started 2026-02-05_12:10:02...
Heat Map Ended 2026-02-05_12:10:02...
Job Futures Started 2026-02-05_12:10:02...
Global Sentiments Ended 2026-02-05_12:10:03...
Pre Market Data Started 2026-02-05_12:10:03...
Pre Market Data Ended 2026-02-05_12:10:03...
Job Futures DB Inserted 2026-02-05_12:10:04...
Option Jobs DB Inserted 2026-02-05_12:10:08...
Option Jobs Ended 2026-02-05_12:11:01...
Today2026-02-05 12:11:01...
Start Date2026-02-05 09:15:00...
End Date2026-02-05 15:30:00...
Job Futures Started 2026-02-05_12:11:01...
Job Futures DB Inserted 2026-02-05_12:11:02...
Option Jobs DB Inserted 2026-02-05_12:11:06...
